{"name": "test_rabbit", "status": "failed", "statusDetails": {"message": "AssertionError: assert 'jennath234' == 'koun123'\n  - koun123\n  + jennath234", "trace": "def test_rabbit():\n        print(\"rabbit matrix\")\n>       assert \"jennath234\"== \"koun123\"\nE       AssertionError: assert 'jennath234' == 'koun123'\nE         - koun123\nE         + jennath234\n\ntest_gally.py:30: AssertionError"}, "attachments": [{"name": "stdout", "source": "d850b4cf-5157-45f4-a32d-d12742f82d06-attachment.txt", "type": "text/plain"}], "start": 1677949208008, "stop": 1677949208008, "uuid": "cf7093ab-ff1a-4a62-8b99-86f742af1df8", "historyId": "76324eb58ed53699368aad9f5b54bcb1", "testCaseId": "5a0455db3a9ff6bd1b045cb069dcc8d4", "fullName": "test_gally#test_rabbit", "labels": [{"name": "suite", "value": "test_gally"}, {"name": "host", "value": "viktor"}, {"name": "thread", "value": "100475-MainThread"}, {"name": "framework", "value": "pytest"}, {"name": "language", "value": "cpython3"}, {"name": "package", "value": "test_gally"}]}