{"name": "test_rabbit", "status": "failed", "statusDetails": {"message": "AssertionError: assert 'jennath234' == 'koun123'\n  - koun123\n  + jennath234", "trace": "def test_rabbit():\n        print(\"rabbit matrix\")\n>       assert \"jennath234\"== \"koun123\"\nE       AssertionError: assert 'jennath234' == 'koun123'\nE         - koun123\nE         + jennath234\n\ntest_gally.py:30: AssertionError"}, "attachments": [{"name": "stdout", "source": "a6a4a378-7e96-4c0e-b123-af240394484e-attachment.txt", "type": "text/plain"}], "start": 1677948548882, "stop": 1677948548883, "uuid": "26335e5b-44cd-42ea-973d-8bbc6f7e2287", "historyId": "76324eb58ed53699368aad9f5b54bcb1", "testCaseId": "5a0455db3a9ff6bd1b045cb069dcc8d4", "fullName": "test_gally#test_rabbit", "labels": [{"name": "suite", "value": "test_gally"}, {"name": "host", "value": "viktor"}, {"name": "thread", "value": "99169-MainThread"}, {"name": "framework", "value": "pytest"}, {"name": "language", "value": "cpython3"}, {"name": "package", "value": "test_gally"}]}