{"name": "test_rabbit", "status": "failed", "statusDetails": {"message": "AssertionError: assert 'jennath234' == 'koun123'\n  - koun123\n  + jennath234", "trace": "def test_rabbit():\n        print(\"rabbit matrix\")\n>       assert \"jennath234\"== \"koun123\"\nE       AssertionError: assert 'jennath234' == 'koun123'\nE         - koun123\nE         + jennath234\n\ntest_gally.py:30: AssertionError"}, "attachments": [{"name": "stdout", "source": "93ae23aa-66f8-4a23-b483-71ce27c8fd7b-attachment.txt", "type": "text/plain"}], "start": 1677948509451, "stop": 1677948509451, "uuid": "1da31b98-d85b-45cc-903b-1c76690a0175", "historyId": "76324eb58ed53699368aad9f5b54bcb1", "testCaseId": "5a0455db3a9ff6bd1b045cb069dcc8d4", "fullName": "test_gally#test_rabbit", "labels": [{"name": "suite", "value": "test_gally"}, {"name": "host", "value": "viktor"}, {"name": "thread", "value": "99133-MainThread"}, {"name": "framework", "value": "pytest"}, {"name": "language", "value": "cpython3"}, {"name": "package", "value": "test_gally"}]}