{"name": "test_rabbit", "status": "failed", "statusDetails": {"message": "AssertionError: assert 'jennath234' == 'koun123'\n  - koun123\n  + jennath234", "trace": "def test_rabbit():\n        print(\"rabbit matrix\")\n>       assert \"jennath234\"== \"koun123\"\nE       AssertionError: assert 'jennath234' == 'koun123'\nE         - koun123\nE         + jennath234\n\ntest_gally.py:30: AssertionError"}, "attachments": [{"name": "stdout", "source": "8785f97a-93bb-4de9-a344-c70f8d0802be-attachment.txt", "type": "text/plain"}], "start": 1677942141058, "stop": 1677942141059, "uuid": "552ae690-51f5-4ce3-96c0-23f2aac4beaf", "historyId": "76324eb58ed53699368aad9f5b54bcb1", "testCaseId": "5a0455db3a9ff6bd1b045cb069dcc8d4", "fullName": "test_gally#test_rabbit", "labels": [{"name": "suite", "value": "test_gally"}, {"name": "host", "value": "viktor"}, {"name": "thread", "value": "89919-MainThread"}, {"name": "framework", "value": "pytest"}, {"name": "language", "value": "cpython3"}, {"name": "package", "value": "test_gally"}]}