{"name": "test_verify_launch_page", "status": "failed", "statusDetails": {"message": "AssertionError: assert None\n +  where None = <bound method Smoky.verify_launch_page of <Opsis_Plateful.Test_cases.Smoke_test.Smoky object at 0x7f07282cfc10>>()\n +    where <bound method Smoky.verify_launch_page of <Opsis_Plateful.Test_cases.Smoke_test.Smoky object at 0x7f07282cfc10>> = <Opsis_Plateful.Test_cases.Smoke_test.Smoky object at 0x7f07282cfc10>.verify_launch_page\n +      where <Opsis_Plateful.Test_cases.Smoke_test.Smoky object at 0x7f07282cfc10> = <Opsis_Plateful.Test_Build.Test_block object at 0x7f0728335fa0>.smoketest", "trace": "self = <Opsis_Plateful.Test_Build.Test_block object at 0x7f0728335fa0>\n\n    def test_verify_launch_page(self):\n        \"\"\"This test will verify the elements and functionality present on the launch page\"\"\"\n>       assert self.smoketest.verify_launch_page()\nE       assert None\nE        +  where None = <bound method Smoky.verify_launch_page of <Opsis_Plateful.Test_cases.Smoke_test.Smoky object at 0x7f07282cfc10>>()\nE        +    where <bound method Smoky.verify_launch_page of <Opsis_Plateful.Test_cases.Smoke_test.Smoky object at 0x7f07282cfc10>> = <Opsis_Plateful.Test_cases.Smoke_test.Smoky object at 0x7f07282cfc10>.verify_launch_page\nE        +      where <Opsis_Plateful.Test_cases.Smoke_test.Smoky object at 0x7f07282cfc10> = <Opsis_Plateful.Test_Build.Test_block object at 0x7f0728335fa0>.smoketest\n\nTest_Build.py:17: AssertionError"}, "description": "This test will verify the elements and functionality present on the launch page", "attachments": [{"name": "stdout", "source": "8dcf88f3-258b-4d11-b4bb-986f1e0f91f1-attachment.txt", "type": "text/plain"}], "start": 1678366892289, "stop": 1678366895725, "uuid": "7365230e-3d3c-4a8a-b94c-9c2f1314c9e0", "historyId": "fc42ea960bea4baf39a7a5bda05f3b89", "testCaseId": "170a308c0872bca6ff6023731cebabeb", "fullName": "Test_Build.Test_block#test_verify_launch_page", "labels": [{"name": "tag", "value": "@pytest.mark.usefixtures('setup')"}, {"name": "suite", "value": "Test_Build"}, {"name": "subSuite", "value": "Test_block"}, {"name": "host", "value": "viktor"}, {"name": "thread", "value": "223971-MainThread"}, {"name": "framework", "value": "pytest"}, {"name": "language", "value": "cpython3"}, {"name": "package", "value": "Test_Build"}]}